0 info it worked if it ends with ok
1 verbose cli [ 'C:\\Program Files\\nodejs\\node.exe',
1 verbose cli   'C:\\Program Files\\nodejs\\node_modules\\npm\\bin\\npm-cli.js',
1 verbose cli   'publish' ]
2 info using npm@3.10.10
3 info using node@v6.10.0
4 verbose publish [ '.' ]
5 silly cache add args [ '.', null ]
6 verbose cache add spec .
7 silly cache add parsed spec Result {
7 silly cache add   raw: '.',
7 silly cache add   scope: null,
7 silly cache add   escapedName: null,
7 silly cache add   name: null,
7 silly cache add   rawSpec: '.',
7 silly cache add   spec: 'D:\\Data\\Repositories\\aws-cost-calculator',
7 silly cache add   type: 'directory' }
8 verbose addLocalDirectory C:\Users\jcoppieters\AppData\Roaming\npm-cache\aws-cost-calculator\1.1.0\package.tgz not in flight; packing
9 verbose correctMkdir C:\Users\jcoppieters\AppData\Roaming\npm-cache correctMkdir not in flight; initializing
10 info lifecycle aws-cost-calculator@1.1.0~prepublish: aws-cost-calculator@1.1.0
11 silly lifecycle aws-cost-calculator@1.1.0~prepublish: no script for prepublish, continuing
12 verbose tar pack [ 'C:\\Users\\jcoppieters\\AppData\\Roaming\\npm-cache\\aws-cost-calculator\\1.1.0\\package.tgz',
12 verbose tar pack   'D:\\Data\\Repositories\\aws-cost-calculator' ]
13 verbose tarball C:\Users\jcoppieters\AppData\Roaming\npm-cache\aws-cost-calculator\1.1.0\package.tgz
14 verbose folder D:\Data\Repositories\aws-cost-calculator
15 verbose addLocalTarball adding from inside cache C:\Users\jcoppieters\AppData\Roaming\npm-cache\aws-cost-calculator\1.1.0\package.tgz
16 verbose correctMkdir C:\Users\jcoppieters\AppData\Roaming\npm-cache correctMkdir not in flight; initializing
17 silly cache afterAdd aws-cost-calculator@1.1.0
18 verbose afterAdd C:\Users\jcoppieters\AppData\Roaming\npm-cache\aws-cost-calculator\1.1.0\package\package.json not in flight; writing
19 verbose correctMkdir C:\Users\jcoppieters\AppData\Roaming\npm-cache correctMkdir not in flight; initializing
20 verbose afterAdd C:\Users\jcoppieters\AppData\Roaming\npm-cache\aws-cost-calculator\1.1.0\package\package.json written
21 silly publish { name: 'aws-cost-calculator',
21 silly publish   version: '1.1.0',
21 silly publish   description: 'Calculate the future cost of your AWS setup',
21 silly publish   bin: { acc: './index.js' },
21 silly publish   main: 'index.js',
21 silly publish   scripts: { test: 'echo "Error: no test specified" && exit 1' },
21 silly publish   repository:
21 silly publish    { type: 'git',
21 silly publish      url: 'git+https://github.com/JorisCoppieters/aws-cost-calculator.git' },
21 silly publish   author: '',
21 silly publish   license: 'ISC',
21 silly publish   bugs: { url: 'https://github.com/JorisCoppieters/aws-cost-calculator/issues' },
21 silly publish   homepage: 'https://github.com/JorisCoppieters/aws-cost-calculator#readme',
21 silly publish   dependencies: { 'color-print': '^1.0.2', minimist: '^1.2.0' },
21 silly publish   devDependencies: { 'color-print': '^1.0.2', minimist: '^1.2.0' },
21 silly publish   readme: '# aws-cost-calculator\n\naws-cost-calculator is a Node utility for calculating the future cost of your AWS setup\n\n### Installation\n\naws-cost-calculator requires [Node.js](https://nodejs.org/) v4+ to run.\n\nThen:\n\n```sh\n$ npm install --save-dev aws-cost-calculator\n```\n',
21 silly publish   readmeFilename: 'README.md',
21 silly publish   gitHead: '573f65eb550f2fc64a230c49f63f9c4985344fd1',
21 silly publish   _id: 'aws-cost-calculator@1.1.0',
21 silly publish   _shasum: '2c8c8df7dadce02f850e58788344a4eddb21a8f6',
21 silly publish   _from: '.' }
22 verbose getPublishConfig undefined
23 silly mapToRegistry name aws-cost-calculator
24 silly mapToRegistry using default registry
25 silly mapToRegistry registry https://registry.npmjs.org/
26 silly mapToRegistry data Result {
26 silly mapToRegistry   raw: 'aws-cost-calculator',
26 silly mapToRegistry   scope: null,
26 silly mapToRegistry   escapedName: 'aws-cost-calculator',
26 silly mapToRegistry   name: 'aws-cost-calculator',
26 silly mapToRegistry   rawSpec: '',
26 silly mapToRegistry   spec: 'latest',
26 silly mapToRegistry   type: 'tag' }
27 silly mapToRegistry uri https://registry.npmjs.org/aws-cost-calculator
28 verbose publish registryBase https://registry.npmjs.org/
29 silly publish uploading C:\Users\jcoppieters\AppData\Roaming\npm-cache\aws-cost-calculator\1.1.0\package.tgz
30 verbose request uri https://registry.npmjs.org/aws-cost-calculator
31 verbose request sending authorization for write operation
32 info attempt registry request try #1 at 4:15:31 PM
33 verbose request using bearer token for auth
34 verbose request id 04ede6f2a62f106b
35 http request PUT https://registry.npmjs.org/aws-cost-calculator
36 http 403 https://registry.npmjs.org/aws-cost-calculator
37 verbose headers { 'content-type': 'application/json',
37 verbose headers   'cache-control': 'max-age=300',
37 verbose headers   'content-length': '95',
37 verbose headers   'accept-ranges': 'bytes',
37 verbose headers   date: 'Thu, 03 Aug 2017 04:15:32 GMT',
37 verbose headers   via: '1.1 varnish',
37 verbose headers   connection: 'keep-alive',
37 verbose headers   'x-served-by': 'cache-akl1420-AKL',
37 verbose headers   'x-cache': 'MISS',
37 verbose headers   'x-cache-hits': '0',
37 verbose headers   'x-timer': 'S1501733731.415458,VS0,VE666',
37 verbose headers   vary: 'Accept-Encoding, Accept' }
38 verbose request invalidating C:\Users\jcoppieters\AppData\Roaming\npm-cache\registry.npmjs.org\aws-cost-calculator on PUT
39 error publish Failed PUT 403
40 verbose stack Error: "You cannot publish over the previously published version 1.1.0." : aws-cost-calculator
40 verbose stack     at makeError (C:\Program Files\nodejs\node_modules\npm\node_modules\npm-registry-client\lib\request.js:302:12)
40 verbose stack     at CachingRegistryClient.<anonymous> (C:\Program Files\nodejs\node_modules\npm\node_modules\npm-registry-client\lib\request.js:290:14)
40 verbose stack     at Request._callback (C:\Program Files\nodejs\node_modules\npm\node_modules\npm-registry-client\lib\request.js:210:14)
40 verbose stack     at Request.self.callback (C:\Program Files\nodejs\node_modules\npm\node_modules\request\request.js:187:22)
40 verbose stack     at emitTwo (events.js:106:13)
40 verbose stack     at Request.emit (events.js:191:7)
40 verbose stack     at Request.<anonymous> (C:\Program Files\nodejs\node_modules\npm\node_modules\request\request.js:1048:10)
40 verbose stack     at emitOne (events.js:96:13)
40 verbose stack     at Request.emit (events.js:188:7)
40 verbose stack     at IncomingMessage.<anonymous> (C:\Program Files\nodejs\node_modules\npm\node_modules\request\request.js:969:12)
41 verbose statusCode 403
42 verbose pkgid aws-cost-calculator
43 verbose cwd D:\Data\Repositories\aws-cost-calculator
44 error Windows_NT 10.0.10586
45 error argv "C:\\Program Files\\nodejs\\node.exe" "C:\\Program Files\\nodejs\\node_modules\\npm\\bin\\npm-cli.js" "publish"
46 error node v6.10.0
47 error npm  v3.10.10
48 error code E403
49 error "You cannot publish over the previously published version 1.1.0." : aws-cost-calculator
50 error If you need help, you may report this error at:
50 error     <https://github.com/npm/npm/issues>
51 verbose exit [ 1, true ]
